C51 COMPILER V9.00   GLOBAL                                                                01/22/2014 12:07:26 PAGE 1   


C51 COMPILER V9.00, COMPILATION OF MODULE GLOBAL
OBJECT MODULE PLACED IN .\bin\global.obj
COMPILER INVOKED BY: C:\Keil\C51\BIN\C51.EXE src\global.c BROWSE DEBUG OBJECTEXTEND PRINT(.\lst\global.lst) TABS(2) OBJE
                    -CT(.\bin\global.obj)

line level    source

   1          #include "platform.h"
   2          
   3          bdata unsigned char flag1;
   4          sbit VbusInt  = flag1^0;
   5          sbit test_flag  = flag1^1;
   6          sbit BusReset   = flag1^2;
   7          sbit BusSuspend = flag1^3;
   8          sbit BusResume  = flag1^4;
   9          sbit PktRcv   = flag1^5;
  10          sbit BulkOutRcv = flag1^6;
  11          sbit Abort    = flag1^7;
  12          
  13          bdata unsigned char flag2;
  14          sbit busPowered     = flag2^0;
  15          sbit RemoteWakeup   = flag2^1;
  16          sbit Configed       = flag2^2;
  17          sbit  Addressed     = flag2^3;
  18          sbit  T0Timeout     = flag2^4;
  19          sbit  T1Timeout     = flag2^5;
  20          sbit  T2Timeout     = flag2^6;
  21          
  22          // SETUP TOKEN Packet structure
  23          data BYTE _bmRequestType;
  24          data BYTE _bRequest;
  25          data WORD _wValue;
  26          data WORD _wIndex;
  27          data WORD _wLength;
  28          /*
  29          bmRequestType = CTRL_Buffer[0]
  30          bRequest      = CTRL_Buffer[1]
  31          wValue      = CTRL_Buffer[2:3]  // little endian
  32          wIndex      = CTRL_Buffer[4:5]  // little endian  
  33          wLength     = CTRL_Buffer[6:7]  // little endian
  34          */
  35          xdata unsigned char CTRL_Buffer[8];
  36          xdata unsigned char SHARE_Buffer[64];
  37          xdata unsigned char GLOBAL_test;
  38          
  39          // Value holds current configuration
  40          BYTE  data    bConfiguration;
  41          
  42          // Value holds the current device address
  43          BYTE  data    bDeviceAddress;
  44          
  45          
  46          xdata unsigned char StartCIS = 0;
  47          xdata unsigned char StartCIS1 = 0;
  48          
  49          


MODULE INFORMATION:   STATIC OVERLAYABLE
   CODE SIZE        =   ----    ----
   CONSTANT SIZE    =   ----    ----
C51 COMPILER V9.00   GLOBAL                                                                01/22/2014 12:07:26 PAGE 2   

   XDATA SIZE       =     75    ----
   PDATA SIZE       =   ----    ----
   DATA SIZE        =     12    ----
   IDATA SIZE       =   ----    ----
   BIT SIZE         =   ----    ----
END OF MODULE INFORMATION.


C51 COMPILATION COMPLETE.  0 WARNING(S),  0 ERROR(S)
