C51 COMPILER V9.00   ISR                                                                   01/16/2014 16:56:06 PAGE 1   


C51 COMPILER V9.00, COMPILATION OF MODULE ISR
OBJECT MODULE PLACED IN .\bin\isr.obj
COMPILER INVOKED BY: C:\Keil\C51\BIN\C51.EXE src\isr.c BROWSE DEBUG OBJECTEXTEND PRINT(.\lst\isr.lst) TABS(2) OBJECT(.\b
                    -in\isr.obj)

line level    source

   1          #include "platform.h"
   2          
   3          void IntVecDecode();
   4          
   5          //External Interrupt 0 ISR entry
   6          void int0_isr( void ) interrupt 0
   7          {
   8   1        P2_3=0;
   9   1        IntVecDecode();
  10   1      }
  11          
  12          void IntVecDecode()
  13          {
  14   1        switch(XBYTE[0xFC0A]){
  15   2          case 0x00:
  16   2            VbusInt = 1;
  17   2            break;
  18   2          case 0x01:
  19   2            BusReset = 1;
  20   2            break;
  21   2          case 0x02:
  22   2            BusResume = 1;
  23   2            break;
  24   2          case 0x03:
  25   2            BusSuspend = 1;
  26   2            break;
  27   2          case 0x04:
  28   2            break;
  29   2          case 0x05:
  30   2            break;
  31   2          case 0x06:
  32   2            break;
  33   2          case 0x07:  
  34   2            break;
  35   2          // device 0, endpoint 0, Control endpoint
  36   2          case 0x08:
  37   2            Abort = 1;
  38   2            break;
  39   2          case 0x09:
  40   2            PktRcv = 1;
  41   2            break;
  42   2          case 0x0A:
  43   2            break;
  44   2          case 0x0B:
  45   2            break;
  46   2          // device 0, endpoint 1, Bulk Out endpoint
  47   2          case 0x0C:
  48   2            break;
  49   2          case 0x0D:
  50   2            BulkOutRcv = 1;
  51   2            break;
  52   2          case 0x0E:
  53   2            break;
  54   2          case 0x0F:
C51 COMPILER V9.00   ISR                                                                   01/16/2014 16:56:06 PAGE 2   

  55   2            break;
  56   2          default:
  57   2            break;
  58   2        }
  59   1      
  60   1      }
  61          


MODULE INFORMATION:   STATIC OVERLAYABLE
   CODE SIZE        =    140    ----
   CONSTANT SIZE    =   ----    ----
   XDATA SIZE       =   ----    ----
   PDATA SIZE       =   ----    ----
   DATA SIZE        =   ----    ----
   IDATA SIZE       =   ----    ----
   BIT SIZE         =   ----    ----
END OF MODULE INFORMATION.


C51 COMPILATION COMPLETE.  0 WARNING(S),  0 ERROR(S)
