C51 COMPILER V9.00   MAIN                                                                  01/20/2014 14:45:31 PAGE 1   


C51 COMPILER V9.00, COMPILATION OF MODULE MAIN
OBJECT MODULE PLACED IN .\bin\main.obj
COMPILER INVOKED BY: C:\Keil\C51\BIN\C51.EXE src\main.c BROWSE DEBUG OBJECTEXTEND PRINT(.\lst\main.lst) TABS(2) OBJECT(.
                    -\bin\main.obj)

line level    source

   1          #include "platform.h"
   2          
   3          void InitC51();
   4          void Initial_Sub();
   5          
   6          void main(void)
   7          {
   8   1        Initial_Sub();
   9   1      
  10   1        UpdateUSB();
  11   1      }
  12          
  13          void Initial_Sub()
  14          {
  15   1        InitC51();
  16   1      
  17   1        //InitCIS();
  18   1      }
  19          
  20          void InitC51(void)
  21          {
  22   1      //#ifdef OV7675
  23   1        P3_2 = 0;         // Pin 2 of port 3, used to control the power down pin of OV7675. 1 => power down;  0 => no
             -rmal operation
  24   1      //#else
  25   1        //P3_0 = 0;
  26   1      //#endif
  27   1      
  28   1        IE = 0x83;                  // ET0, EX0(USB), EX1(SATA) interrupt enable
  29   1        IP = 0x01;                  // Set EX0 to higher priority
  30   1        IT0 = 0;                    // INT0 level trigger
  31   1      
  32   1        //InitTimer();
  33   1      
  34   1        XBYTE[0xFF00] = 0x11;
  35   1        XBYTE[0xFF02] = 0x01;   // CPU Clock:30MHz
  36   1        XBYTE[0xFF07] = 0x05;       // select CIS function
  37   1      
  38   1        XBYTE[0xFF04] = 0x80;
  39   1        XBYTE[0xFCC3] = 0x40;     //CPU force master clock enable
  40   1      }
  41          
  42          


MODULE INFORMATION:   STATIC OVERLAYABLE
   CODE SIZE        =     50    ----
   CONSTANT SIZE    =   ----    ----
   XDATA SIZE       =   ----    ----
   PDATA SIZE       =   ----    ----
   DATA SIZE        =   ----    ----
   IDATA SIZE       =   ----    ----
   BIT SIZE         =   ----    ----
END OF MODULE INFORMATION.

C51 COMPILER V9.00   MAIN                                                                  01/20/2014 14:45:31 PAGE 2   


C51 COMPILATION COMPLETE.  0 WARNING(S),  0 ERROR(S)
